2026-04-08 14:03:37,707 [INFO] Activator:176 - 


2026-04-08 14:03:37,711 [INFO] Activator:177 - !SESSION log4j initialized
2026-04-08 14:03:41,417 [INFO] LogOutputStream:77 - [STDOUT_REDIRECT] 
2026-04-08 14:03:42,255 [ERROR] LogOutputStream:75 - [STDERR_REDIRECT] 
2026-04-08 14:03:45,035 [INFO] LogOutputStream:77 - [STDOUT_REDIRECT] 
2026-04-08 14:03:45,853 [INFO] ApplicationProperties:184 - Using Application install path: /Applications/STM32CubeIDE.app/Contents/Eclipse/plugins/com.st.stm32cube.common.mx_6.15.0.202507011659
2026-04-08 14:03:45,865 [INFO] DbMcusXml:78 - Set database path to: /Applications/STM32CubeIDE.app/Contents/Eclipse/plugins/com.st.stm32cube.common.mx_6.15.0.202507011659//db//mcu/
2026-04-08 14:03:45,865 [INFO] ApiDb:274 - Set plugin database path to: /Applications/STM32CubeIDE.app/Contents/Eclipse/plugins/com.st.stm32cube.common.mx_6.15.0.202507011659//db//plugins/boardmanager/
2026-04-08 14:03:45,865 [WARN] ApiDb:259 - Overriding images path with different value:  => /Applications/STM32CubeIDE.app/Contents/Eclipse/plugins/com.st.stm32cube.common.mx_6.15.0.202507011659//db//plugins/mcufinder/images/
2026-04-08 14:03:45,871 [INFO] ApiDb:250 - Set database path to: /Users/ernes/.stmcufinder/plugins/mcufinder//mcu/
2026-04-08 14:03:45,872 [INFO] DbMcusAds:125 - Set database path to: /Users/ernes/.stmcufinder/plugins/mcufinder//mcu/
2026-04-08 14:03:45,873 [INFO] CrossReferenceDbSqlite:203 - Set database path to: /Users/ernes/.stmcufinder/plugins/mcufinder//mcu/cs/
2026-04-08 14:03:45,979 [INFO] RulesReader:64 - Compatibility file has been processed (317 Rules)
2026-04-08 14:03:46,017 [INFO] DbMcusXml:78 - Set database path to: /Applications/STM32CubeIDE.app/Contents/Eclipse/plugins/com.st.stm32cube.common.mx_6.15.0.202507011659//db//mcu/
2026-04-08 14:03:46,017 [INFO] ApiDb:274 - Set plugin database path to: /Applications/STM32CubeIDE.app/Contents/Eclipse/plugins/com.st.stm32cube.common.mx_6.15.0.202507011659//db//plugins/boardmanager/
2026-04-08 14:03:46,017 [INFO] ApiDb:261 - Set plugin images path to: /Applications/STM32CubeIDE.app/Contents/Eclipse/plugins/com.st.stm32cube.common.mx_6.15.0.202507011659//db//plugins/mcufinder/images/
2026-04-08 14:03:46,017 [WARN] DbFile:41 - Overriding database path with different value: /Users/ernes/.stmcufinder/plugins/mcufinder/ => /Users/ernes/.stmcufinder/plugins/mcufinder
2026-04-08 14:03:46,017 [INFO] ApiDb:250 - Set database path to: /Users/ernes/.stmcufinder/plugins/mcufinder//mcu/
2026-04-08 14:03:46,017 [WARN] DbFile:41 - Overriding database path with different value: /Users/ernes/.stmcufinder/plugins/mcufinder/ => /Users/ernes/.stmcufinder/plugins/mcufinder
2026-04-08 14:03:46,018 [INFO] DbMcusAds:125 - Set database path to: /Users/ernes/.stmcufinder/plugins/mcufinder//mcu/
2026-04-08 14:03:46,018 [WARN] DbFile:41 - Overriding database path with different value: /Users/ernes/.stmcufinder/plugins/mcufinder/ => /Users/ernes/.stmcufinder/plugins/mcufinder
2026-04-08 14:03:46,018 [WARN] DbFile:41 - Overriding database path with different value: /Users/ernes/.stmcufinder/plugins/mcufinder/ => /Users/ernes/.stmcufinder/plugins/mcufinder
2026-04-08 14:03:46,018 [INFO] CrossReferenceDbSqlite:203 - Set database path to: /Users/ernes/.stmcufinder/plugins/mcufinder//mcu/cs/
2026-04-08 14:03:46,071 [INFO] MainPanel:274 - HeapMemory: 268435456
2026-04-08 14:03:46,454 [INFO] DbMcusXml:78 - Set database path to: /Applications/STM32CubeIDE.app/Contents/Eclipse/plugins/com.st.stm32cube.common.mx_6.15.0.202507011659//db//mcu/
2026-04-08 14:03:46,454 [INFO] ApiDb:274 - Set plugin database path to: /Applications/STM32CubeIDE.app/Contents/Eclipse/plugins/com.st.stm32cube.common.mx_6.15.0.202507011659//db//plugins/boardmanager/
2026-04-08 14:03:46,455 [INFO] ApiDb:261 - Set plugin images path to: /Applications/STM32CubeIDE.app/Contents/Eclipse/plugins/com.st.stm32cube.common.mx_6.15.0.202507011659//db//plugins/mcufinder/images/
2026-04-08 14:03:46,455 [WARN] DbFile:41 - Overriding database path with different value: /Users/ernes/.stmcufinder/plugins/mcufinder/ => /Users/ernes/.stmcufinder/plugins/mcufinder
2026-04-08 14:03:46,455 [INFO] ApiDb:250 - Set database path to: /Users/ernes/.stmcufinder/plugins/mcufinder//mcu/
2026-04-08 14:03:46,455 [WARN] DbFile:41 - Overriding database path with different value: /Users/ernes/.stmcufinder/plugins/mcufinder/ => /Users/ernes/.stmcufinder/plugins/mcufinder
2026-04-08 14:03:46,455 [INFO] DbMcusAds:125 - Set database path to: /Users/ernes/.stmcufinder/plugins/mcufinder//mcu/
2026-04-08 14:03:46,455 [WARN] DbFile:41 - Overriding database path with different value: /Users/ernes/.stmcufinder/plugins/mcufinder/ => /Users/ernes/.stmcufinder/plugins/mcufinder
2026-04-08 14:03:46,455 [WARN] DbFile:41 - Overriding database path with different value: /Users/ernes/.stmcufinder/plugins/mcufinder/ => /Users/ernes/.stmcufinder/plugins/mcufinder
2026-04-08 14:03:46,455 [INFO] CrossReferenceDbSqlite:203 - Set database path to: /Users/ernes/.stmcufinder/plugins/mcufinder//mcu/cs/
2026-04-08 14:03:46,466 [INFO] ApplicationProperties:184 - Using Application install path: /Applications/STM32CubeIDE.app/Contents/Eclipse/plugins/com.st.stm32cube.common.mx_6.15.0.202507011659
2026-04-08 14:03:46,467 [INFO] PluginManage:196 - Search for loadable plugins [exclusion list=, ]
2026-04-08 14:03:46,468 [INFO] PluginManage:310 - Check plugin analytics
2026-04-08 14:03:46,603 [INFO] AnalyticsPlugin:253 - Accepted Software Licenses: 
2026-04-08 14:03:46,603 [INFO] AnalyticsPlugin:255 - Accepted CMSIS Pack Licenses: 
2026-04-08 14:03:46,603 [INFO] AnalyticsPlugin:257 - Accepted Firmware Licenses: FW.L4.1.18.0
2026-04-08 14:03:46,612 [INFO] PluginManage:359 - Loaded plugin analytics (category:tool,tabindex:-1)
2026-04-08 14:03:46,613 [INFO] PluginManage:310 - Check plugin cadmodel
2026-04-08 14:03:46,623 [INFO] CADModel:105 - Init CAD model plugin
2026-04-08 14:03:46,623 [INFO] PluginManage:359 - Loaded plugin cadmodel (category:power,tabindex:5)
2026-04-08 14:03:46,623 [INFO] PluginManage:310 - Check plugin clock
2026-04-08 14:03:46,633 [INFO] PluginManage:359 - Loaded plugin clock (category:base,tabindex:2)
2026-04-08 14:03:46,633 [INFO] PluginManage:310 - Check plugin ddr
2026-04-08 14:03:46,635 [INFO] PluginManage:359 - Loaded plugin ddr (category:tool,tabindex:6)
2026-04-08 14:03:46,635 [INFO] PluginManage:310 - Check plugin filemanager
2026-04-08 14:03:46,774 [INFO] PluginManage:359 - Loaded plugin filemanager (category:base,tabindex:10)
2026-04-08 14:03:46,775 [INFO] PluginManage:310 - Check plugin ipmanager
2026-04-08 14:03:46,785 [INFO] PluginManage:359 - Loaded plugin ipmanager (category:base,tabindex:5)
2026-04-08 14:03:46,785 [INFO] PluginManage:310 - Check plugin lpbam
2026-04-08 14:03:46,793 [INFO] PluginManage:359 - Loaded plugin lpbam (category:base,tabindex:0)
2026-04-08 14:03:46,793 [INFO] PluginManage:310 - Check plugin memorymap
2026-04-08 14:03:46,804 [INFO] PluginManage:359 - Loaded plugin memorymap (category:base,tabindex:4)
2026-04-08 14:03:46,804 [INFO] PluginManage:310 - Check plugin pinoutandconfiguration
2026-04-08 14:03:46,811 [INFO] PluginManage:359 - Loaded plugin pinoutandconfiguration (category:base,tabindex:1)
2026-04-08 14:03:46,811 [INFO] PluginManage:310 - Check plugin pinoutconfig
2026-04-08 14:03:46,897 [WARN] SupportedApi:132 - Cannot load RTOS API schema: s4s-elt-must-match.1: The content of 'definitions' must match (annotation?, (simpleType | complexType)?, (unique | key | keyref)*)). A problem was found starting at: attribute.
2026-04-08 14:03:47,003 [INFO] PluginManage:359 - Loaded plugin pinoutconfig (category:base,tabindex:0)
2026-04-08 14:03:47,003 [INFO] PluginManage:310 - Check plugin power
2026-04-08 14:03:47,011 [INFO] PluginManage:359 - Loaded plugin power (category:power,tabindex:4)
2026-04-08 14:03:47,011 [INFO] PluginManage:310 - Check plugin projectmanager
2026-04-08 14:03:47,030 [INFO] PluginManage:359 - Loaded plugin projectmanager (category:projectmanager,tabindex:4)
2026-04-08 14:03:47,030 [INFO] PluginManage:310 - Check plugin rif
2026-04-08 14:03:47,037 [INFO] PluginManage:359 - Loaded plugin rif (category:base,tabindex:3)
2026-04-08 14:03:47,038 [INFO] PluginManage:310 - Check plugin thirdparty
2026-04-08 14:03:47,199 [INFO] PluginManage:359 - Loaded plugin thirdparty (category:base,tabindex:-1)
2026-04-08 14:03:47,198 [WARN] IntegrityCheckThread:84 - waiting for thirdparty lock release [integrity check]
2026-04-08 14:03:47,199 [INFO] PluginManage:310 - Check plugin tools
2026-04-08 14:03:47,199 [INFO] IntegrityCheckThread:86 - entering critical section [integrity check]
2026-04-08 14:03:47,200 [INFO] ThirdPartyUpdaterWithRetryManager:70 - Updater plugin not ready yet. [1/15]
2026-04-08 14:03:47,201 [INFO] PluginManage:359 - Loaded plugin tools (category:base,tabindex:7)
2026-04-08 14:03:47,202 [INFO] PluginManage:310 - Check plugin tutovideos
2026-04-08 14:03:47,337 [INFO] PluginManage:359 - Loaded plugin tutovideos (category:base,tabindex:-1)
2026-04-08 14:03:47,337 [INFO] PluginManage:310 - Check plugin updater
2026-04-08 14:03:47,358 [INFO] PluginManage:359 - Loaded plugin updater (category:base,tabindex:12)
2026-04-08 14:03:47,358 [INFO] PluginManage:310 - Check plugin userauth
2026-04-08 14:03:47,361 [INFO] UserAuth:118 - Init User Auth plugin
2026-04-08 14:03:47,362 [INFO] PluginManage:359 - Loaded plugin userauth (category:base,tabindex:14)
2026-04-08 14:03:47,363 [INFO] PluginManage:283 - PluginManage : Loaded plugins [18]
2026-04-08 14:03:47,525 [INFO] PinOutPanel:1589 - setPackage(No Configuration,No Configuration)
2026-04-08 14:03:47,579 [INFO] CADModel:165 - CPN selected for project level
2026-04-08 14:03:47,579 [INFO] CADModel:114 - Register for checkConnection events
2026-04-08 14:03:47,587 [INFO] IPUIPlugin:80 - create IPUIPlugin
2026-04-08 14:03:47,587 [INFO] PluginManager:220 - loadIPPluginJar : add mdma
2026-04-08 14:03:47,591 [INFO] IPUIPlugin:80 - create IPUIPlugin
2026-04-08 14:03:47,591 [INFO] PluginManager:220 - loadIPPluginJar : add freertos
2026-04-08 14:03:47,593 [INFO] IPUIPlugin:80 - create IPUIPlugin
2026-04-08 14:03:47,593 [INFO] PluginManager:220 - loadIPPluginJar : add gic
2026-04-08 14:03:47,599 [INFO] IPUIPlugin:80 - create IPUIPlugin
2026-04-08 14:03:47,599 [INFO] PluginManager:220 - loadIPPluginJar : add adc
2026-04-08 14:03:47,600 [INFO] IPUIPlugin:80 - create IPUIPlugin
2026-04-08 14:03:47,601 [INFO] PluginManager:220 - loadIPPluginJar : add gtzc
2026-04-08 14:03:47,601 [INFO] IPUIPlugin:80 - create IPUIPlugin
2026-04-08 14:03:47,601 [INFO] PluginManager:220 - loadIPPluginJar : add quadspi
2026-04-08 14:03:47,602 [INFO] IPUIPlugin:80 - create IPUIPlugin
2026-04-08 14:03:47,602 [INFO] PluginManager:220 - loadIPPluginJar : add aes
2026-04-08 14:03:47,604 [INFO] IPUIPlugin:80 - create IPUIPlugin
2026-04-08 14:03:47,604 [INFO] PluginManager:220 - loadIPPluginJar : add pdm2pcm
2026-04-08 14:03:47,604 [INFO] IPUIPlugin:80 - create IPUIPlugin
2026-04-08 14:03:47,604 [INFO] PluginManager:220 - loadIPPluginJar : add hash
2026-04-08 14:03:47,605 [INFO] IPUIPlugin:80 - create IPUIPlugin
2026-04-08 14:03:47,605 [INFO] PluginManager:220 - loadIPPluginJar : add tim
2026-04-08 14:03:47,606 [INFO] IPUIPlugin:80 - create IPUIPlugin
2026-04-08 14:03:47,606 [INFO] PluginManager:220 - loadIPPluginJar : add tsc
2026-04-08 14:03:47,608 [INFO] IPUIPlugin:80 - create IPUIPlugin
2026-04-08 14:03:47,608 [INFO] PluginManager:220 - loadIPPluginJar : add extmemmanager
2026-04-08 14:03:47,609 [INFO] IPUIPlugin:80 - create IPUIPlugin
2026-04-08 14:03:47,610 [INFO] PluginManager:220 - loadIPPluginJar : add ts
2026-04-08 14:03:47,610 [INFO] IPUIPlugin:80 - create IPUIPlugin
2026-04-08 14:03:47,610 [INFO] PluginManager:220 - loadIPPluginJar : add radio
2026-04-08 14:03:47,613 [INFO] IPUIPlugin:80 - create IPUIPlugin
2026-04-08 14:03:47,613 [INFO] PluginManager:220 - loadIPPluginJar : add can
2026-04-08 14:03:47,614 [INFO] IPUIPlugin:80 - create IPUIPlugin
2026-04-08 14:03:47,614 [INFO] PluginManager:220 - loadIPPluginJar : add dma3
2026-04-08 14:03:47,614 [INFO] IPUIPlugin:80 - create IPUIPlugin
2026-04-08 14:03:47,614 [INFO] PluginManager:220 - loadIPPluginJar : add dfsdm
2026-04-08 14:03:47,615 [INFO] IPUIPlugin:80 - create IPUIPlugin
2026-04-08 14:03:47,615 [INFO] PluginManager:220 - loadIPPluginJar : add spi
2026-04-08 14:03:47,616 [INFO] IPUIPlugin:80 - create IPUIPlugin
2026-04-08 14:03:47,617 [INFO] PluginManager:220 - loadIPPluginJar : add gfxmmu
2026-04-08 14:03:47,618 [INFO] IPUIPlugin:80 - create IPUIPlugin
2026-04-08 14:03:47,618 [INFO] PluginManager:220 - loadIPPluginJar : add genericplugin
2026-04-08 14:03:47,619 [INFO] IPUIPlugin:80 - create IPUIPlugin
2026-04-08 14:03:47,619 [INFO] PluginManager:220 - loadIPPluginJar : add cryp
2026-04-08 14:03:47,620 [INFO] IPUIPlugin:80 - create IPUIPlugin
2026-04-08 14:03:47,621 [INFO] PluginManager:220 - loadIPPluginJar : add gpio
2026-04-08 14:03:47,622 [INFO] IPUIPlugin:80 - create IPUIPlugin
2026-04-08 14:03:47,623 [INFO] PluginManager:220 - loadIPPluginJar : add ddr_ctrl_phy
2026-04-08 14:03:47,623 [INFO] IPUIPlugin:80 - create IPUIPlugin
2026-04-08 14:03:47,623 [INFO] PluginManager:220 - loadIPPluginJar : add comp
2026-04-08 14:03:47,625 [INFO] IPUIPlugin:80 - create IPUIPlugin
2026-04-08 14:03:47,625 [INFO] PluginManager:220 - loadIPPluginJar : add tracer_emb
2026-04-08 14:03:47,627 [INFO] IPUIPlugin:80 - create IPUIPlugin
2026-04-08 14:03:47,627 [INFO] PluginManager:220 - loadIPPluginJar : add openamp
2026-04-08 14:03:47,630 [INFO] IPUIPlugin:80 - create IPUIPlugin
2026-04-08 14:03:47,630 [INFO] PluginManager:220 - loadIPPluginJar : add stm32_wpan
2026-04-08 14:03:47,633 [INFO] IPUIPlugin:80 - create IPUIPlugin
2026-04-08 14:03:47,634 [INFO] PluginManager:220 - loadIPPluginJar : add plateformsettings
2026-04-08 14:03:47,635 [INFO] IPUIPlugin:80 - create IPUIPlugin
2026-04-08 14:03:47,635 [INFO] PluginManager:220 - loadIPPluginJar : add ipddr
2026-04-08 14:03:47,636 [INFO] IPUIPlugin:80 - create IPUIPlugin
2026-04-08 14:03:47,636 [INFO] PluginManager:220 - loadIPPluginJar : add usart
2026-04-08 14:03:47,637 [INFO] IPUIPlugin:80 - create IPUIPlugin
2026-04-08 14:03:47,637 [INFO] PluginManager:220 - loadIPPluginJar : add ltdc
2026-04-08 14:03:47,638 [INFO] IPUIPlugin:80 - create IPUIPlugin
2026-04-08 14:03:47,638 [INFO] PluginManager:220 - loadIPPluginJar : add nvic
2026-04-08 14:03:47,638 [INFO] IPUIPlugin:80 - create IPUIPlugin
2026-04-08 14:03:47,639 [INFO] PluginManager:220 - loadIPPluginJar : add fatfs
2026-04-08 14:03:47,643 [INFO] IPUIPlugin:80 - create IPUIPlugin
2026-04-08 14:03:47,643 [INFO] PluginManager:220 - loadIPPluginJar : add linkedlist
2026-04-08 14:03:47,646 [INFO] IPUIPlugin:80 - create IPUIPlugin
2026-04-08 14:03:47,646 [INFO] PluginManager:220 - loadIPPluginJar : add dma
2026-04-08 14:03:47,648 [INFO] IPUIPlugin:80 - create IPUIPlugin
2026-04-08 14:03:47,648 [INFO] PluginManager:220 - loadIPPluginJar : add fmc
2026-04-08 14:03:47,649 [INFO] IPUIPlugin:80 - create IPUIPlugin
2026-04-08 14:03:47,649 [INFO] PluginManager:220 - loadIPPluginJar : add i2s
2026-04-08 14:03:47,650 [INFO] IPUIPlugin:80 - create IPUIPlugin
2026-04-08 14:03:47,650 [INFO] PluginManager:220 - loadIPPluginJar : add ucpd
2026-04-08 14:03:47,651 [INFO] IPUIPlugin:80 - create IPUIPlugin
2026-04-08 14:03:47,651 [INFO] PluginManager:220 - loadIPPluginJar : add lorawan
2026-04-08 14:03:47,652 [INFO] IPUIPlugin:80 - create IPUIPlugin
2026-04-08 14:03:47,652 [INFO] PluginManager:220 - loadIPPluginJar : add opamp
2026-04-08 14:03:47,653 [INFO] IPUIPlugin:80 - create IPUIPlugin
2026-04-08 14:03:47,653 [INFO] PluginManager:220 - loadIPPluginJar : add i3c
2026-04-08 14:03:47,655 [INFO] IPUIPlugin:80 - create IPUIPlugin
2026-04-08 14:03:47,655 [INFO] PluginManager:220 - loadIPPluginJar : add touchsensing
2026-04-08 14:03:47,656 [INFO] IPUIPlugin:80 - create IPUIPlugin
2026-04-08 14:03:47,656 [INFO] PluginManager:220 - loadIPPluginJar : add i2c
2026-04-08 14:03:47,658 [INFO] IPUIPlugin:80 - create IPUIPlugin
2026-04-08 14:03:47,658 [INFO] PluginManager:220 - loadIPPluginJar : add resmgrutility
2026-04-08 14:03:47,659 [INFO] IPUIPlugin:80 - create IPUIPlugin
2026-04-08 14:03:47,659 [INFO] PluginManager:220 - loadIPPluginJar : add sai
2026-04-08 14:03:47,660 [INFO] IPUIPlugin:80 - create IPUIPlugin
2026-04-08 14:03:47,660 [INFO] PluginManager:220 - loadIPPluginJar : add usbx
2026-04-08 14:03:47,763 [FATAL] Updater:351 - Updater called before beeing initialized
2026-04-08 14:03:47,804 [INFO] RulesReader:64 - Compatibility file has been processed (317 Rules)
2026-04-08 14:03:47,814 [INFO] RulesReader:64 - Compatibility file has been processed (317 Rules)
2026-04-08 14:03:47,820 [INFO] CADModel:165 - CPN selected for project level
2026-04-08 14:03:47,820 [INFO] CADModel:114 - Register for checkConnection events
2026-04-08 14:03:47,820 [FATAL] Updater:351 - Updater called before beeing initialized
2026-04-08 14:03:47,820 [ERROR] CADModel:125 - Updater not yet initialized, retry later 
2026-04-08 14:03:48,008 [FATAL] Updater:351 - Updater called before beeing initialized
2026-04-08 14:03:48,009 [INFO] CADModel:165 - CPN selected for project level
2026-04-08 14:03:48,009 [INFO] CADModel:114 - Register for checkConnection events
2026-04-08 14:03:48,009 [FATAL] Updater:351 - Updater called before beeing initialized
2026-04-08 14:03:48,010 [ERROR] CADModel:125 - Updater not yet initialized, retry later 
2026-04-08 14:03:48,011 [FATAL] Updater:351 - Updater called before beeing initialized
2026-04-08 14:03:48,129 [FATAL] Updater:351 - Updater called before beeing initialized
2026-04-08 14:03:48,133 [INFO] DbMcusAds:53 - JSON generation date=Thu Mar 05 08:32:52 CST 2026 (1772721172890)
2026-04-08 14:03:48,133 [FATAL] Updater:351 - Updater called before beeing initialized
2026-04-08 14:03:48,420 [WARN] DetailPanel:346 - Failed to get advertising image, set to default
2026-04-08 14:03:48,469 [FATAL] Updater:351 - Updater called before beeing initialized
2026-04-08 14:03:48,473 [FATAL] Updater:351 - Updater called before beeing initialized
2026-04-08 14:03:48,473 [FATAL] Updater:351 - Updater called before beeing initialized
2026-04-08 14:03:48,473 [WARN] DetailPanel:346 - Failed to get advertising image, set to default
2026-04-08 14:03:48,476 [FATAL] Updater:351 - Updater called before beeing initialized
2026-04-08 14:03:48,520 [ERROR] Updater:1198 - MainUpdater not yet initialized. External WinMGr cannot be set.
2026-04-08 14:03:48,526 [INFO] Updater:1134 - Updater Version found : 6.15.0
2026-04-08 14:03:48,539 [INFO] ApplicationProperties:184 - Using Application install path: /Applications/STM32CubeIDE.app/Contents/Eclipse/plugins/com.st.stm32cube.common.mx_6.15.0.202507011659
2026-04-08 14:03:48,813 [INFO] MainUpdater:2872 - connection check result : 10
2026-04-08 14:03:48,814 [INFO] MainUpdater:3604 - Updater definition file requires update
2026-04-08 14:03:48,815 [INFO] MainUpdater:289 - Updater Check For Update Now.
2026-04-08 14:03:48,815 [INFO] MicroXplorer:498 - Change Database Version : DB.6.0.150
2026-04-08 14:03:48,821 [INFO] McuFinderGlobals:63 - Set McuFinder mode to 2 (CubeIDE integrated)
2026-04-08 14:03:48,821 [INFO] UserAuth:171 - activating auth plugin
2026-04-08 14:03:48,833 [INFO] UserAuth:487 - Internet connection configuration mode: 1
2026-04-08 14:03:48,845 [INFO] JxBrowserEngine:152 - Initiate JxBrowser Engine with user profile folder
2026-04-08 14:03:48,859 [INFO] ServerAccessManage:452 - Complete download http(s) 200
2026-04-08 14:03:48,861 [INFO] ServerAccessManage:509 - Download File updaters.zip
2026-04-08 14:03:49,029 [INFO] FileExtend:248 - Unzip File : updaters.zip
2026-04-08 14:03:49,029 [INFO] FileExtend:263 - Standard Zip Deflate
2026-04-08 14:03:49,215 [INFO] ServerAccessManage:452 - Complete download http(s) 200
2026-04-08 14:03:49,215 [INFO] ServerAccessManage:509 - Download File PacksControlFlags.xml
2026-04-08 14:03:49,317 [INFO] ServerAccessManage:452 - Complete download http(s) 200
2026-04-08 14:03:49,318 [INFO] ServerAccessManage:509 - Download File cubemx.pidx
2026-04-08 14:03:50,206 [WARN] MainUpdater:1193 - Updater busy. Cannot search thirdparties
2026-04-08 14:03:50,207 [INFO] ThirdPartyUpdaterWithRetryManager:96 - Updater plugin is busy. [1/15]
2026-04-08 14:03:50,489 [INFO] ServerAccessManage:452 - Complete download http(s) 200
2026-04-08 14:03:50,489 [INFO] ServerAccessManage:509 - Download File STMicroelectronics.X-CUBE-WB05N.pdsc
2026-04-08 14:03:50,588 [INFO] ServerAccessManage:452 - Complete download http(s) 200
2026-04-08 14:03:50,588 [INFO] ServerAccessManage:509 - Download File STMicroelectronics.eDS-WB_DPC_VIENNA.pdsc
2026-04-08 14:03:50,991 [ERROR] ServerAccessManage:1212 - Problem, file not found on Server
2026-04-08 14:03:51,237 [ERROR] ServerAccessManage:1212 - Problem, file not found on Server
2026-04-08 14:03:51,409 [ERROR] ServerAccessManage:1212 - Problem, file not found on Server
2026-04-08 14:03:51,675 [ERROR] ServerAccessManage:1212 - Problem, file not found on Server
2026-04-08 14:03:51,993 [ERROR] ServerAccessManage:1212 - Problem, file not found on Server
2026-04-08 14:03:52,052 [INFO] ServerAccessManage:452 - Complete download http(s) 200
2026-04-08 14:03:52,052 [INFO] ServerAccessManage:509 - Download File STMicroelectronics.eDS-WB_DPC_TT-BIDIR.pdsc
2026-04-08 14:03:52,259 [ERROR] ServerAccessManage:1212 - Problem, file not found on Server
2026-04-08 14:03:52,502 [ERROR] ServerAccessManage:1212 - Problem, file not found on Server
2026-04-08 14:03:52,640 [ERROR] ServerAccessManage:1212 - Problem, file not found on Server
2026-04-08 14:03:52,890 [ERROR] ServerAccessManage:1212 - Problem, file not found on Server
2026-04-08 14:03:52,969 [INFO] ServerAccessManage:452 - Complete download http(s) 200
2026-04-08 14:03:52,970 [INFO] ServerAccessManage:509 - Download File STMicroelectronics.eDS-WB_DPC_3PH2L-BIDIR.pdsc
2026-04-08 14:03:53,156 [ERROR] ServerAccessManage:1212 - Problem, file not found on Server
2026-04-08 14:03:53,212 [WARN] MainUpdater:1193 - Updater busy. Cannot search thirdparties
2026-04-08 14:03:53,212 [INFO] ThirdPartyUpdaterWithRetryManager:96 - Updater plugin is busy. [2/15]
2026-04-08 14:03:53,430 [WARN] PackLoader:240 - Cannot read IP mode file for STMicroelectronics.X-CUBE-WB05N.2.1.0
2026-04-08 14:03:53,453 [WARN] PackLoader:240 - Cannot read IP mode file for STMicroelectronics.eDS-WB_DPC_VIENNA.1.2.0
2026-04-08 14:03:53,455 [WARN] PackLoader:240 - Cannot read IP mode file for STMicroelectronics.eDS-WB_DPC_TT-BIDIR.2.1.1
2026-04-08 14:03:53,457 [WARN] PackLoader:240 - Cannot read IP mode file for STMicroelectronics.eDS-WB_DPC_3PH2L-BIDIR.1.1.1
2026-04-08 14:03:53,457 [INFO] PopulateThirdPartyThread:66 - Ending populate Thread
2026-04-08 14:03:53,459 [INFO] ThirdParty:1030 - CMSIS Pack Vendor :STMicroelectronics eDS-WB_DPC_TT-BIDIR 2.1.1
2026-04-08 14:03:53,459 [INFO] ThirdParty:1030 - CMSIS Pack Vendor :STMicroelectronics eDS-WB_DPC_VIENNA 1.2.0
2026-04-08 14:03:53,459 [INFO] ThirdParty:1030 - CMSIS Pack Vendor :STMicroelectronics eDS-WB_DPC_3PH2L-BIDIR 1.1.1
2026-04-08 14:03:53,459 [INFO] ThirdParty:1030 - CMSIS Pack Vendor :STMicroelectronics X-CUBE-WB05N 2.1.0
2026-04-08 14:03:53,459 [INFO] LoadServerUpdatesThread:375 - End of LoadServerUpdate Thread
2026-04-08 14:03:53,576 [INFO] CheckServerUpdateThread:120 - End of CheckServer Thread
2026-04-08 14:03:56,473 [WARN] PackLoader:240 - Cannot read IP mode file for STMicroelectronics.X-CUBE-AZRTOS-H7.3.5.0
2026-04-08 14:03:56,522 [WARN] PackLoader:240 - Cannot read IP mode file for STMicroelectronics.FP-ATR-ASTRA1.2.0.2
2026-04-08 14:03:56,529 [WARN] PackLoader:240 - Cannot read IP mode file for STMicroelectronics.X-CUBE-SMBUS.2.1.0
2026-04-08 14:03:56,582 [WARN] PackLoader:240 - Cannot read IP mode file for STMicroelectronics.X-CUBE-AZRTOS-F7.1.1.0
2026-04-08 14:03:56,609 [WARN] PackLoader:240 - Cannot read IP mode file for STMicroelectronics.FP-SNS-MOTENV1.5.1.0
2026-04-08 14:03:56,634 [WARN] PackLoader:240 - Cannot read IP mode file for WES.I-CUBE-Cesium.1.4.0
2026-04-08 14:03:56,647 [WARN] PackLoader:240 - Cannot read IP mode file for STMicroelectronics.X-CUBE-DISPLAY.3.0.0
2026-04-08 14:03:56,667 [WARN] PackLoader:240 - Cannot read IP mode file for STMicroelectronics.FP-SNS-MOTENVWB1.1.5.0
2026-04-08 14:03:56,685 [WARN] PackLoader:240 - Cannot read IP mode file for STMicroelectronics.X-CUBE-NFC10.1.0.0
2026-04-08 14:03:56,706 [WARN] PackLoader:240 - Cannot read IP mode file for STMicroelectronics.X-CUBE-ST60.1.1.0
2026-04-08 14:03:56,724 [WARN] PackLoader:240 - Cannot read IP mode file for emotas.I-CUBE-CANOPEN.1.3.0
2026-04-08 14:03:56,740 [WARN] PackLoader:240 - Cannot read IP mode file for STMicroelectronics.X-CUBE-GNSS1.7.1.0
2026-04-08 14:03:56,759 [WARN] PackLoader:240 - Cannot read IP mode file for STMicroelectronics.FP-SNS-STBOX1.2.1.0
2026-04-08 14:03:56,769 [WARN] PackLoader:240 - Cannot read IP mode file for STMicroelectronics.FP-SNS-SMARTAG2.1.2.0
2026-04-08 14:03:56,774 [WARN] PackLoader:240 - Cannot read IP mode file for STMicroelectronics.FP-SNS-FLIGHT1.5.1.0
2026-04-08 14:03:56,782 [INFO] LogOutputStream:77 - [STDOUT_REDIRECT] 1 : Invalid condition id : UX_CORESTACK_Condition cause : null
2026-04-08 14:03:56,785 [INFO] LogOutputStream:77 - [STDOUT_REDIRECT] 1 : Invalid condition id : UX_CORESTACK_Condition cause : null
2026-04-08 14:03:56,786 [INFO] LogOutputStream:77 - [STDOUT_REDIRECT] 1 : Invalid condition id : UX_CORESTACK_Condition cause : null
2026-04-08 14:03:56,786 [INFO] LogOutputStream:77 - [STDOUT_REDIRECT] 1 : Invalid condition id : UX_CORESTACK_Condition cause : null
2026-04-08 14:03:56,786 [INFO] LogOutputStream:77 - [STDOUT_REDIRECT] 1 : Invalid condition id : UX_CORESTACK_Condition cause : null
2026-04-08 14:03:56,796 [WARN] PackLoader:240 - Cannot read IP mode file for STMicroelectronics.X-CUBE-AZRTOS-WL.2.0.0
2026-04-08 14:03:56,834 [WARN] PackLoader:240 - Cannot read IP mode file for STMicroelectronics.X-CUBE-AZRTOS-H7RS.1.2.0
2026-04-08 14:03:56,847 [WARN] PackLoader:240 - Cannot read IP mode file for STMicroelectronics.X-CUBE-BLE2.3.3.0
2026-04-08 14:03:56,921 [WARN] PackLoader:240 - Cannot read IP mode file for Infineon.AIROC-Wi-Fi-Bluetooth-STM32.1.8.0
2026-04-08 14:03:56,952 [WARN] PackLoader:240 - Cannot read IP mode file for STMicroelectronics.X-CUBE-NFC9.1.0.0
2026-04-08 14:03:56,964 [WARN] PackLoader:240 - Cannot read IP mode file for STMicroelectronics.X-CUBE-BLE1.7.1.0
2026-04-08 14:03:56,973 [WARN] PackLoader:240 - Cannot read IP mode file for wolfSSL.I-CUBE-wolfMQTT.1.19.2
2026-04-08 14:03:56,981 [WARN] PackLoader:240 - Cannot read IP mode file for STMicroelectronics.X-CUBE-EEPRMA1.5.2.0
2026-04-08 14:03:56,989 [WARN] PackLoader:240 - Cannot read IP mode file for wolfSSL.I-CUBE-wolfSSL.5.8.4
2026-04-08 14:03:56,992 [WARN] PackLoader:240 - Cannot read IP mode file for Cesanta.I-CUBE-Mongoose.7.20.0
2026-04-08 14:03:57,063 [WARN] PackLoader:240 - Cannot read IP mode file for STMicroelectronics.X-CUBE-MEMS1.12.0.0
2026-04-08 14:03:57,227 [WARN] PackLoader:240 - Cannot read IP mode file for STMicroelectronics.X-CUBE-AZRTOS-G0.1.1.0
2026-04-08 14:03:57,242 [WARN] PackLoader:240 - Cannot read IP mode file for STMicroelectronics.X-CUBE-NFC4.3.0.0
2026-04-08 14:03:57,255 [WARN] PackLoader:240 - Cannot read IP mode file for EmbeddedOffice.I-CUBE-FS-RTOS.1.0.1
2026-04-08 14:03:57,263 [WARN] PackLoader:240 - Cannot read IP mode file for STMicroelectronics.X-CUBE-WB05N.2.0.0
2026-04-08 14:03:57,266 [WARN] PackLoader:240 - Cannot read IP mode file for wolfSSL.I-CUBE-wolfTPM.3.8.0
2026-04-08 14:03:57,271 [WARN] PackLoader:240 - Cannot read IP mode file for STMicroelectronics.X-CUBE-TCPP.4.2.0
2026-04-08 14:03:57,280 [WARN] PackLoader:240 - Cannot read IP mode file for RealThread.X-CUBE-RT-Thread_Nano.4.1.1
2026-04-08 14:03:57,288 [WARN] PackLoader:240 - Cannot read IP mode file for STMicroelectronics.FP-ATR-SIGFOX1.3.2.0
2026-04-08 14:03:57,293 [WARN] PackLoader:240 - Cannot read IP mode file for STMicroelectronics.X-CUBE-FREERTOS.1.5.0
2026-04-08 14:03:57,298 [WARN] PackLoader:240 - Cannot read IP mode file for ITTIA_DB.I-CUBE-ITTIADB.8.9.0
2026-04-08 14:03:57,312 [WARN] PackLoader:240 - Cannot read IP mode file for STMicroelectronics.X-CUBE-NFC6.3.2.0
2026-04-08 14:03:57,318 [WARN] PackLoader:240 - Cannot read IP mode file for STMicroelectronics.X-CUBE-AI.10.2.0
2026-04-08 14:03:57,364 [WARN] PackLoader:240 - Cannot read IP mode file for SEGGER.I-CUBE-embOS.1.3.1
2026-04-08 14:03:57,410 [WARN] PackLoader:240 - Cannot read IP mode file for STMicroelectronics.X-CUBE-ALGOBUILD.1.4.0
2026-04-08 14:03:57,414 [WARN] PackLoader:240 - Cannot read IP mode file for STMicroelectronics.X-CUBE-PM33A1.1.0.0
2026-04-08 14:03:57,441 [WARN] PackLoader:240 - Cannot read IP mode file for STMicroelectronics.X-CUBE-AZRTOS-F4.1.1.0
2026-04-08 14:03:57,455 [WARN] PackLoader:240 - Cannot read IP mode file for STMicroelectronics.X-CUBE-ISPU.2.1.0
2026-04-08 14:03:57,466 [WARN] PackLoader:240 - Cannot read IP mode file for STMicroelectronics.X-CUBE-IPS.3.2.0
2026-04-08 14:03:57,473 [WARN] PackLoader:240 - Cannot read IP mode file for STMicroelectronics.eDS-WB_DPC_TT-BIDIR.2.1.1
2026-04-08 14:03:57,479 [WARN] PackLoader:240 - Cannot read IP mode file for STMicroelectronics.X-CUBE-NFC12.1.0.0
2026-04-08 14:03:57,497 [WARN] PackLoader:240 - Cannot read IP mode file for STMicroelectronics.X-CUBE-AZRTOS-L5.2.0.0
2026-04-08 14:03:57,502 [WARN] PackLoader:240 - Cannot read IP mode file for STMicroelectronics.eDS-WB_DPC_VIENNA.1.2.0
2026-04-08 14:03:57,503 [WARN] PackLoader:240 - Cannot read IP mode file for STMicroelectronics.eDS-WB_DPC_3PH2L-BIDIR.1.1.1
2026-04-08 14:03:57,506 [WARN] PackLoader:240 - Cannot read IP mode file for STMicroelectronics.X-CUBE-TOUCHGFX.4.26.1
2026-04-08 14:03:57,511 [WARN] PackLoader:240 - Cannot read IP mode file for STMicroelectronics.FP-SNS-STAIOTCFT.1.0.0
2026-04-08 14:03:57,516 [WARN] PackLoader:240 - Cannot read IP mode file for STMicroelectronics.X-CUBE-DPower.1.3.0
2026-04-08 14:03:57,534 [WARN] ConditionMgr:438 - getConditionDescription Invalid condition id : LAN8742 Phy interface Condition cause : null
2026-04-08 14:03:57,536 [WARN] PackLoader:240 - Cannot read IP mode file for STMicroelectronics.X-CUBE-AZRTOS-L4.2.0.0
2026-04-08 14:03:57,538 [WARN] ConditionMgr:1044 - genDependencies : Invalid condition id : LAN8742 Phy interface Condition cause : null
2026-04-08 14:03:57,538 [WARN] ConditionMgr:1044 - genDependencies : Invalid condition id : LAN8742 Phy interface Condition cause : null
2026-04-08 14:03:57,539 [WARN] ConditionMgr:1044 - genDependencies : Invalid condition id : LAN8742 Phy interface Condition cause : null
2026-04-08 14:03:57,545 [WARN] PackLoader:240 - Cannot read IP mode file for STMicroelectronics.X-CUBE-SFXS2LP1.4.0.0
2026-04-08 14:03:57,550 [WARN] PackLoader:240 - Cannot read IP mode file for STMicroelectronics.X-CUBE-WB05N.2.1.0
2026-04-08 14:03:57,558 [WARN] PackLoader:240 - Cannot read IP mode file for STMicroelectronics.X-CUBE-ST67W61.1.2.0
2026-04-08 14:03:57,573 [WARN] PackLoader:240 - Cannot read IP mode file for STMicroelectronics.X-CUBE-BLEMGR.4.1.0
2026-04-08 14:03:57,588 [WARN] ConditionMgr:438 - getConditionDescription Invalid condition id : UX DEVICE CLASS RTOS Condition cause : null
2026-04-08 14:03:57,588 [WARN] ConditionMgr:438 - getConditionDescription Invalid condition id : UX DEVICE CLASS RTOS Condition cause : null
2026-04-08 14:03:57,592 [WARN] PackLoader:240 - Cannot read IP mode file for STMicroelectronics.X-CUBE-AZRTOS-WB.2.0.0
2026-04-08 14:03:57,592 [WARN] ConditionMgr:1044 - genDependencies : Invalid condition id : UX DEVICE CLASS RTOS Condition cause : null
2026-04-08 14:03:57,592 [WARN] ConditionMgr:1044 - genDependencies : Invalid condition id : UX DEVICE CLASS RTOS Condition cause : null
2026-04-08 14:03:57,593 [WARN] ConditionMgr:1044 - genDependencies : Invalid condition id : UX DEVICE CLASS RTOS Condition cause : null
2026-04-08 14:03:57,593 [WARN] ConditionMgr:1044 - genDependencies : Invalid condition id : UX DEVICE CLASS RTOS Condition cause : null
2026-04-08 14:03:57,593 [WARN] ConditionMgr:1044 - genDependencies : Invalid condition id : UX DEVICE CLASS RTOS Condition cause : null
2026-04-08 14:03:57,597 [WARN] ConditionMgr:438 - getConditionDescription Invalid condition id : Cortex-A Device cause : null
2026-04-08 14:03:57,605 [WARN] ConditionMgr:1044 - genDependencies : Invalid condition id : Cortex-A Device cause : null
2026-04-08 14:03:57,605 [WARN] ConditionMgr:1044 - genDependencies : Invalid condition id : Cortex-A Device cause : null
2026-04-08 14:03:57,605 [WARN] ConditionMgr:1044 - genDependencies : Invalid condition id : Cortex-A Device cause : null
2026-04-08 14:03:57,615 [WARN] PackLoader:240 - Cannot read IP mode file for STMicroelectronics.X-CUBE-STSE01.2.0.0
2026-04-08 14:03:57,628 [WARN] PackLoader:240 - Cannot read IP mode file for STMicroelectronics.X-CUBE-SUBG2.5.0.0
2026-04-08 14:03:57,649 [WARN] PackLoader:240 - Cannot read IP mode file for STMicroelectronics.X-CUBE-AZRTOS-G4.2.0.0
2026-04-08 14:03:57,654 [WARN] PackLoader:240 - Cannot read IP mode file for wolfSSL.I-CUBE-wolfSSH.1.4.20
2026-04-08 14:03:57,657 [WARN] PackLoader:240 - Cannot read IP mode file for STMicroelectronics.X-CUBE-NFC7.2.0.0
2026-04-08 14:03:57,660 [WARN] PackLoader:240 - Cannot read IP mode file for STMicroelectronics.X-CUBE-ALS.1.0.2
2026-04-08 14:03:57,670 [WARN] PackLoader:240 - Cannot read IP mode file for STMicroelectronics.X-CUBE-TOF1.3.4.3
2026-04-08 14:03:57,678 [INFO] ThirdParty:978 - Integrity check success = true
2026-04-08 14:03:57,678 [INFO] IntegrityCheckThread:100 - exiting critical section [integrity check]
2026-04-08 14:03:57,678 [INFO] IntegrityCheckThread:103 - End integrity checks thread
2026-04-08 14:04:17,955 [INFO] WebApp:169 - Instantiating new browser for Auth
2026-04-08 14:04:19,225 [INFO] WebApp:463 - Apply proxy settings
2026-04-08 14:04:19,233 [INFO] WebApp:508 - Chromium authenticates against Manually configured proxy
2026-04-08 14:04:19,243 [INFO] WebApp:516 - Username used for proxy authentication: 
2026-04-08 14:04:19,275 [INFO] WebApp:900 - Register for checkConnection events
2026-04-08 14:04:19,275 [INFO] WebApp:463 - Apply proxy settings
2026-04-08 14:04:19,277 [INFO] WebApp:508 - Chromium authenticates against Manually configured proxy
2026-04-08 14:04:19,278 [INFO] WebApp:516 - Username used for proxy authentication: 
2026-04-08 14:04:19,399 [INFO] WebApp:225 - Starting web application
2026-04-08 14:04:19,400 [INFO] WebApp:593 - Web application path used /Applications/STM32CubeIDE.app/Contents/Eclipse/plugins/com.st.stm32cube.common.mx_6.15.0.202507011659/db/plugins/mcufinder/reactClient1/index.html
2026-04-08 14:04:19,718 [INFO] WebApp:191 - Connection restablished
